android/app/build/intermediates/manifest_merge_blame_file/debug/manifest-merger-blame-debug-report.txt
1<?xml version="1.0" encoding="utf-8"?>
2<manifest xmlns:android="http://schemas.android.com/apk/res/android"
3    package="com.example.flutter_application"
4    android:versionCode="1"
5    android:versionName="1.0.0" >
6
7    <uses-sdk
8        android:minSdkVersion="23"
9        android:targetSdkVersion="34" />
10    <!--
11         The INTERNET permission is required for development. Specifically,
12         the Flutter tool needs it to communicate with the running application
13         to allow setting breakpoints, to provide hot reload, etc.
14    -->
15    <uses-permission android:name="android.permission.INTERNET" />
15-->src\debug\AndroidManifest.xml:6:5-66
15-->src\debug\AndroidManifest.xml:6:22-64
16    <!--
17     Required to query activities that can process text, see:
18         https://developer.android.com/training/package-visibility?hl=en and
19         https://developer.android.com/reference/android/content/Intent#ACTION_PROCESS_TEXT.
20
21         In particular, this is used by the Flutter engine in io.flutter.plugin.text.ProcessTextPlugin.
22    -->
23    <queries>
23-->src\main\AndroidManifest.xml:38:5-43:15
24        <intent>
24-->src\main\AndroidManifest.xml:39:9-42:18
25            <action android:name="android.intent.action.PROCESS_TEXT" />
25-->src\main\AndroidManifest.xml:40:13-72
25-->src\main\AndroidManifest.xml:40:21-70
26
27            <data android:mimeType="text/plain" />
27-->src\main\AndroidManifest.xml:41:13-50
27-->src\main\AndroidManifest.xml:41:19-48
28        </intent>
29    </queries>
30
31    <uses-permission android:name="android.permission.ACCESS_NETWORK_STATE" />
31-->[com.google.firebase:firebase-auth:23.0.0] AndroidManifest.xml:26:5-79
31-->[com.google.firebase:firebase-auth:23.0.0] AndroidManifest.xml:26:22-76
32    <uses-permission android:name="android.permission.WAKE_LOCK" />
32-->[com.google.android.gms:play-services-measurement-api:22.0.0] AndroidManifest.xml:24:5-68
32-->[com.google.android.gms:play-services-measurement-api:22.0.0] AndroidManifest.xml:24:22-65
33    <uses-permission android:name="com.google.android.gms.permission.AD_ID" />
33-->[com.google.android.gms:play-services-measurement-api:22.0.0] AndroidManifest.xml:25:5-79
33-->[com.google.android.gms:play-services-measurement-api:22.0.0] AndroidManifest.xml:25:22-76
34    <uses-permission android:name="android.permission.ACCESS_ADSERVICES_ATTRIBUTION" />
34-->[com.google.android.gms:play-services-measurement-api:22.0.0] AndroidManifest.xml:26:5-88
34-->[com.google.android.gms:play-services-measurement-api:22.0.0] AndroidManifest.xml:26:22-85
35    <uses-permission android:name="android.permission.ACCESS_ADSERVICES_AD_ID" />
35-->[com.google.android.gms:play-services-measurement-api:22.0.0] AndroidManifest.xml:27:5-82
35-->[com.google.android.gms:play-services-measurement-api:22.0.0] AndroidManifest.xml:27:22-79
36    <uses-permission android:name="com.google.android.providers.gsf.permission.READ_GSERVICES" />
36-->[com.google.android.recaptcha:recaptcha:18.4.0] AndroidManifest.xml:9:5-98
36-->[com.google.android.recaptcha:recaptcha:18.4.0] AndroidManifest.xml:9:22-95
37    <uses-permission android:name="com.google.android.finsky.permission.BIND_GET_INSTALL_REFERRER_SERVICE" />
37-->[com.google.android.gms:play-services-measurement:22.0.0] AndroidManifest.xml:26:5-110
37-->[com.google.android.gms:play-services-measurement:22.0.0] AndroidManifest.xml:26:22-107
38
39    <permission
39-->[androidx.core:core:1.9.0] AndroidManifest.xml:22:5-24:47
40        android:name="com.example.flutter_application.DYNAMIC_RECEIVER_NOT_EXPORTED_PERMISSION"
40-->[androidx.core:core:1.9.0] AndroidManifest.xml:23:9-81
41        android:protectionLevel="signature" />
41-->[androidx.core:core:1.9.0] AndroidManifest.xml:24:9-44
42
43    <uses-permission android:name="com.example.flutter_application.DYNAMIC_RECEIVER_NOT_EXPORTED_PERMISSION" />
43-->[androidx.core:core:1.9.0] AndroidManifest.xml:26:5-97
43-->[androidx.core:core:1.9.0] AndroidManifest.xml:26:22-94
44
45    <application
46        android:name="android.app.Application"
47        android:appComponentFactory="androidx.core.app.CoreComponentFactory"
47-->[androidx.core:core:1.9.0] AndroidManifest.xml:28:18-86
48        android:debuggable="true"
49        android:extractNativeLibs="false"
50        android:icon="@mipmap/ic_launcher"
51        android:label="flutter_application_card" >
52        <activity
53            android:name="com.example.flutter_application_card.MainActivity"
54            android:configChanges="orientation|keyboardHidden|keyboard|screenSize|smallestScreenSize|locale|layoutDirection|fontScale|screenLayout|density|uiMode"
55            android:exported="true"
56            android:hardwareAccelerated="true"
57            android:launchMode="singleTop"
58            android:theme="@style/LaunchTheme"
59            android:windowSoftInputMode="adjustResize" >
60
61            <!--
62                 Specifies an Android theme to apply to this Activity as soon as
63                 the Android process has started. This theme is visible to the user
64                 while the Flutter UI initializes. After that, this theme continues
65                 to determine the Window background behind the Flutter UI.
66            -->
67            <meta-data
68                android:name="io.flutter.embedding.android.NormalTheme"
69                android:resource="@style/NormalTheme" />
70
71            <intent-filter>
72                <action android:name="android.intent.action.MAIN" />
73
74                <category android:name="android.intent.category.LAUNCHER" />
75            </intent-filter>
76        </activity>
77        <!--
78             Don't delete the meta-data below.
79             This is used by the Flutter tool to generate GeneratedPluginRegistrant.java
80        -->
81        <meta-data
82            android:name="flutterEmbedding"
83            android:value="2" />
84
85        <service
85-->[:firebase_auth] AndroidManifest.xml:10:9-14:19
86            android:name="com.google.firebase.components.ComponentDiscoveryService"
86-->[:firebase_auth] AndroidManifest.xml:10:18-89
87            android:directBootAware="true"
87-->[com.google.firebase:firebase-common:21.0.0] AndroidManifest.xml:32:13-43
88            android:exported="false" >
88-->[com.google.firebase:firebase-auth:23.0.0] AndroidManifest.xml:68:13-37
89            <meta-data
89-->[:firebase_auth] AndroidManifest.xml:11:13-13:85
90                android:name="com.google.firebase.components:io.flutter.plugins.firebase.auth.FlutterFirebaseAuthRegistrar"
90-->[:firebase_auth] AndroidManifest.xml:12:17-124
91                android:value="com.google.firebase.components.ComponentRegistrar" />
91-->[:firebase_auth] AndroidManifest.xml:13:17-82
92            <meta-data
92-->[:firebase_core] AndroidManifest.xml:11:13-13:85
93                android:name="com.google.firebase.components:io.flutter.plugins.firebase.core.FlutterFirebaseCoreRegistrar"
93-->[:firebase_core] AndroidManifest.xml:12:17-124
94                android:value="com.google.firebase.components.ComponentRegistrar" />
94-->[:firebase_core] AndroidManifest.xml:13:17-82
95            <meta-data
95-->[com.google.firebase:firebase-auth:23.0.0] AndroidManifest.xml:69:13-71:85
96                android:name="com.google.firebase.components:com.google.firebase.auth.FirebaseAuthRegistrar"
96-->[com.google.firebase:firebase-auth:23.0.0] AndroidManifest.xml:70:17-109
97                android:value="com.google.firebase.components.ComponentRegistrar" />
97-->[com.google.firebase:firebase-auth:23.0.0] AndroidManifest.xml:71:17-82
98            <meta-data
98-->[com.google.android.gms:play-services-measurement-api:22.0.0] AndroidManifest.xml:37:13-39:85
99                android:name="com.google.firebase.components:com.google.firebase.analytics.connector.internal.AnalyticsConnectorRegistrar"
99-->[com.google.android.gms:play-services-measurement-api:22.0.0] AndroidManifest.xml:38:17-139
100                android:value="com.google.firebase.components.ComponentRegistrar" />
100-->[com.google.android.gms:play-services-measurement-api:22.0.0] AndroidManifest.xml:39:17-82
101            <meta-data
101-->[com.google.firebase:firebase-installations:18.0.0] AndroidManifest.xml:15:13-17:85
102                android:name="com.google.firebase.components:com.google.firebase.installations.FirebaseInstallationsKtxRegistrar"
102-->[com.google.firebase:firebase-installations:18.0.0] AndroidManifest.xml:16:17-130
103                android:value="com.google.firebase.components.ComponentRegistrar" />
103-->[com.google.firebase:firebase-installations:18.0.0] AndroidManifest.xml:17:17-82
104            <meta-data
104-->[com.google.firebase:firebase-installations:18.0.0] AndroidManifest.xml:18:13-20:85
105                android:name="com.google.firebase.components:com.google.firebase.installations.FirebaseInstallationsRegistrar"
105-->[com.google.firebase:firebase-installations:18.0.0] AndroidManifest.xml:19:17-127
106                android:value="com.google.firebase.components.ComponentRegistrar" />
106-->[com.google.firebase:firebase-installations:18.0.0] AndroidManifest.xml:20:17-82
107            <meta-data
107-->[com.google.firebase:firebase-common-ktx:21.0.0] AndroidManifest.xml:12:13-14:85
108                android:name="com.google.firebase.components:com.google.firebase.ktx.FirebaseCommonLegacyRegistrar"
108-->[com.google.firebase:firebase-common-ktx:21.0.0] AndroidManifest.xml:13:17-116
109                android:value="com.google.firebase.components.ComponentRegistrar" />
109-->[com.google.firebase:firebase-common-ktx:21.0.0] AndroidManifest.xml:14:17-82
110            <meta-data
110-->[com.google.firebase:firebase-common:21.0.0] AndroidManifest.xml:35:13-37:85
111                android:name="com.google.firebase.components:com.google.firebase.FirebaseCommonKtxRegistrar"
111-->[com.google.firebase:firebase-common:21.0.0] AndroidManifest.xml:36:17-109
112                android:value="com.google.firebase.components.ComponentRegistrar" />
112-->[com.google.firebase:firebase-common:21.0.0] AndroidManifest.xml:37:17-82
113        </service>
114
115        <activity
115-->[com.google.firebase:firebase-auth:23.0.0] AndroidManifest.xml:29:9-46:20
116            android:name="com.google.firebase.auth.internal.GenericIdpActivity"
116-->[com.google.firebase:firebase-auth:23.0.0] AndroidManifest.xml:30:13-80
117            android:excludeFromRecents="true"
117-->[com.google.firebase:firebase-auth:23.0.0] AndroidManifest.xml:31:13-46
118            android:exported="true"
118-->[com.google.firebase:firebase-auth:23.0.0] AndroidManifest.xml:32:13-36
119            android:launchMode="singleTask"
119-->[com.google.firebase:firebase-auth:23.0.0] AndroidManifest.xml:33:13-44
120            android:theme="@android:style/Theme.Translucent.NoTitleBar" >
120-->[com.google.firebase:firebase-auth:23.0.0] AndroidManifest.xml:34:13-72
121            <intent-filter>
121-->[com.google.firebase:firebase-auth:23.0.0] AndroidManifest.xml:35:13-45:29
122                <action android:name="android.intent.action.VIEW" />
122-->[com.google.firebase:firebase-auth:23.0.0] AndroidManifest.xml:36:17-69
122-->[com.google.firebase:firebase-auth:23.0.0] AndroidManifest.xml:36:25-66
123
124                <category android:name="android.intent.category.DEFAULT" />
124-->[com.google.firebase:firebase-auth:23.0.0] AndroidManifest.xml:38:17-76
124-->[com.google.firebase:firebase-auth:23.0.0] AndroidManifest.xml:38:27-73
125                <category android:name="android.intent.category.BROWSABLE" />
125-->[com.google.firebase:firebase-auth:23.0.0] AndroidManifest.xml:39:17-78
125-->[com.google.firebase:firebase-auth:23.0.0] AndroidManifest.xml:39:27-75
126
127                <data
127-->src\main\AndroidManifest.xml:41:13-50
128                    android:host="firebase.auth"
129                    android:path="/"
130                    android:scheme="genericidp" />
131            </intent-filter>
132        </activity>
133        <activity
133-->[com.google.firebase:firebase-auth:23.0.0] AndroidManifest.xml:47:9-64:20
134            android:name="com.google.firebase.auth.internal.RecaptchaActivity"
134-->[com.google.firebase:firebase-auth:23.0.0] AndroidManifest.xml:48:13-79
135            android:excludeFromRecents="true"
135-->[com.google.firebase:firebase-auth:23.0.0] AndroidManifest.xml:49:13-46
136            android:exported="true"
136-->[com.google.firebase:firebase-auth:23.0.0] AndroidManifest.xml:50:13-36
137            android:launchMode="singleTask"
137-->[com.google.firebase:firebase-auth:23.0.0] AndroidManifest.xml:51:13-44
138            android:theme="@android:style/Theme.Translucent.NoTitleBar" >
138-->[com.google.firebase:firebase-auth:23.0.0] AndroidManifest.xml:52:13-72
139            <intent-filter>
139-->[com.google.firebase:firebase-auth:23.0.0] AndroidManifest.xml:53:13-63:29
140                <action android:name="android.intent.action.VIEW" />
140-->[com.google.firebase:firebase-auth:23.0.0] AndroidManifest.xml:36:17-69
140-->[com.google.firebase:firebase-auth:23.0.0] AndroidManifest.xml:36:25-66
141
142                <category android:name="android.intent.category.DEFAULT" />
142-->[com.google.firebase:firebase-auth:23.0.0] AndroidManifest.xml:38:17-76
142-->[com.google.firebase:firebase-auth:23.0.0] AndroidManifest.xml:38:27-73
143                <category android:name="android.intent.category.BROWSABLE" />
143-->[com.google.firebase:firebase-auth:23.0.0] AndroidManifest.xml:39:17-78
143-->[com.google.firebase:firebase-auth:23.0.0] AndroidManifest.xml:39:27-75
144
145                <data
145-->src\main\AndroidManifest.xml:41:13-50
146                    android:host="firebase.auth"
147                    android:path="/"
148                    android:scheme="recaptcha" />
149            </intent-filter>
150        </activity>
151
152        <property
152-->[com.google.android.gms:play-services-measurement-api:22.0.0] AndroidManifest.xml:30:9-32:61
153            android:name="android.adservices.AD_SERVICES_CONFIG"
153-->[com.google.android.gms:play-services-measurement-api:22.0.0] AndroidManifest.xml:31:13-65
154            android:resource="@xml/ga_ad_services_config" />
154-->[com.google.android.gms:play-services-measurement-api:22.0.0] AndroidManifest.xml:32:13-58
155
156        <service
156-->[androidx.credentials:credentials-play-services-auth:1.2.0-rc01] AndroidManifest.xml:24:9-32:19
157            android:name="androidx.credentials.playservices.CredentialProviderMetadataHolder"
157-->[androidx.credentials:credentials-play-services-auth:1.2.0-rc01] AndroidManifest.xml:25:13-94
158            android:enabled="true"
158-->[androidx.credentials:credentials-play-services-auth:1.2.0-rc01] AndroidManifest.xml:26:13-35
159            android:exported="false" >
159-->[androidx.credentials:credentials-play-services-auth:1.2.0-rc01] AndroidManifest.xml:27:13-37
160            <meta-data
160-->[androidx.credentials:credentials-play-services-auth:1.2.0-rc01] AndroidManifest.xml:29:13-31:104
161                android:name="androidx.credentials.CREDENTIAL_PROVIDER_KEY"
161-->[androidx.credentials:credentials-play-services-auth:1.2.0-rc01] AndroidManifest.xml:30:17-76
162                android:value="androidx.credentials.playservices.CredentialProviderPlayServicesImpl" />
162-->[androidx.credentials:credentials-play-services-auth:1.2.0-rc01] AndroidManifest.xml:31:17-101
163        </service>
164
165        <activity
165-->[androidx.credentials:credentials-play-services-auth:1.2.0-rc01] AndroidManifest.xml:34:9-41:20
166            android:name="androidx.credentials.playservices.HiddenActivity"
166-->[androidx.credentials:credentials-play-services-auth:1.2.0-rc01] AndroidManifest.xml:35:13-76
167            android:configChanges="orientation|screenSize|screenLayout|keyboardHidden"
167-->[androidx.credentials:credentials-play-services-auth:1.2.0-rc01] AndroidManifest.xml:36:13-87
168            android:enabled="true"
168-->[androidx.credentials:credentials-play-services-auth:1.2.0-rc01] AndroidManifest.xml:37:13-35
169            android:exported="false"
169-->[androidx.credentials:credentials-play-services-auth:1.2.0-rc01] AndroidManifest.xml:38:13-37
170            android:fitsSystemWindows="true"
170-->[androidx.credentials:credentials-play-services-auth:1.2.0-rc01] AndroidManifest.xml:39:13-45
171            android:theme="@style/Theme.Hidden" >
171-->[androidx.credentials:credentials-play-services-auth:1.2.0-rc01] AndroidManifest.xml:40:13-48
172        </activity>
173
174        <provider
174-->[com.google.firebase:firebase-common:21.0.0] AndroidManifest.xml:23:9-28:39
175            android:name="com.google.firebase.provider.FirebaseInitProvider"
175-->[com.google.firebase:firebase-common:21.0.0] AndroidManifest.xml:24:13-77
176            android:authorities="com.example.flutter_application.firebaseinitprovider"
176-->[com.google.firebase:firebase-common:21.0.0] AndroidManifest.xml:25:13-72
177            android:directBootAware="true"
177-->[com.google.firebase:firebase-common:21.0.0] AndroidManifest.xml:26:13-43
178            android:exported="false"
178-->[com.google.firebase:firebase-common:21.0.0] AndroidManifest.xml:27:13-37
179            android:initOrder="100" />
179-->[com.google.firebase:firebase-common:21.0.0] AndroidManifest.xml:28:13-36
180
181        <uses-library
181-->[androidx.window:window:1.0.0-beta04] AndroidManifest.xml:25:9-27:40
182            android:name="androidx.window.extensions"
182-->[androidx.window:window:1.0.0-beta04] AndroidManifest.xml:26:13-54
183            android:required="false" />
183-->[androidx.window:window:1.0.0-beta04] AndroidManifest.xml:27:13-37
184        <uses-library
184-->[androidx.window:window:1.0.0-beta04] AndroidManifest.xml:28:9-30:40
185            android:name="androidx.window.sidecar"
185-->[androidx.window:window:1.0.0-beta04] AndroidManifest.xml:29:13-51
186            android:required="false" />
186-->[androidx.window:window:1.0.0-beta04] AndroidManifest.xml:30:13-37
187
188        <receiver
188-->[com.google.android.gms:play-services-measurement:22.0.0] AndroidManifest.xml:29:9-33:20
189            android:name="com.google.android.gms.measurement.AppMeasurementReceiver"
189-->[com.google.android.gms:play-services-measurement:22.0.0] AndroidManifest.xml:30:13-85
190            android:enabled="true"
190-->[com.google.android.gms:play-services-measurement:22.0.0] AndroidManifest.xml:31:13-35
191            android:exported="false" >
191-->[com.google.android.gms:play-services-measurement:22.0.0] AndroidManifest.xml:32:13-37
192        </receiver>
193
194        <service
194-->[com.google.android.gms:play-services-measurement:22.0.0] AndroidManifest.xml:35:9-38:40
195            android:name="com.google.android.gms.measurement.AppMeasurementService"
195-->[com.google.android.gms:play-services-measurement:22.0.0] AndroidManifest.xml:36:13-84
196            android:enabled="true"
196-->[com.google.android.gms:play-services-measurement:22.0.0] AndroidManifest.xml:37:13-35
197            android:exported="false" />
197-->[com.google.android.gms:play-services-measurement:22.0.0] AndroidManifest.xml:38:13-37
198        <service
198-->[com.google.android.gms:play-services-measurement:22.0.0] AndroidManifest.xml:39:9-43:72
199            android:name="com.google.android.gms.measurement.AppMeasurementJobService"
199-->[com.google.android.gms:play-services-measurement:22.0.0] AndroidManifest.xml:40:13-87
200            android:enabled="true"
200-->[com.google.android.gms:play-services-measurement:22.0.0] AndroidManifest.xml:41:13-35
201            android:exported="false"
201-->[com.google.android.gms:play-services-measurement:22.0.0] AndroidManifest.xml:42:13-37
202            android:permission="android.permission.BIND_JOB_SERVICE" />
202-->[com.google.android.gms:play-services-measurement:22.0.0] AndroidManifest.xml:43:13-69
203
204        <uses-library
204-->[androidx.privacysandbox.ads:ads-adservices:1.0.0-beta05] AndroidManifest.xml:23:9-25:40
205            android:name="android.ext.adservices"
205-->[androidx.privacysandbox.ads:ads-adservices:1.0.0-beta05] AndroidManifest.xml:24:13-50
206            android:required="false" />
206-->[androidx.privacysandbox.ads:ads-adservices:1.0.0-beta05] AndroidManifest.xml:25:13-37
207
208        <activity
208-->[com.google.android.gms:play-services-auth:20.7.0] AndroidManifest.xml:23:9-27:75
209            android:name="com.google.android.gms.auth.api.signin.internal.SignInHubActivity"
209-->[com.google.android.gms:play-services-auth:20.7.0] AndroidManifest.xml:24:13-93
210            android:excludeFromRecents="true"
210-->[com.google.android.gms:play-services-auth:20.7.0] AndroidManifest.xml:25:13-46
211            android:exported="false"
211-->[com.google.android.gms:play-services-auth:20.7.0] AndroidManifest.xml:26:13-37
212            android:theme="@android:style/Theme.Translucent.NoTitleBar" />
212-->[com.google.android.gms:play-services-auth:20.7.0] AndroidManifest.xml:27:13-72
213        <!--
214            Service handling Google Sign-In user revocation. For apps that do not integrate with
215            Google Sign-In, this service will never be started.
216        -->
217        <service
217-->[com.google.android.gms:play-services-auth:20.7.0] AndroidManifest.xml:33:9-37:51
218            android:name="com.google.android.gms.auth.api.signin.RevocationBoundService"
218-->[com.google.android.gms:play-services-auth:20.7.0] AndroidManifest.xml:34:13-89
219            android:exported="true"
219-->[com.google.android.gms:play-services-auth:20.7.0] AndroidManifest.xml:35:13-36
220            android:permission="com.google.android.gms.auth.api.signin.permission.REVOCATION_NOTIFICATION"
220-->[com.google.android.gms:play-services-auth:20.7.0] AndroidManifest.xml:36:13-107
221            android:visibleToInstantApps="true" />
221-->[com.google.android.gms:play-services-auth:20.7.0] AndroidManifest.xml:37:13-48
222
223        <activity
223-->[com.google.android.gms:play-services-base:18.0.1] AndroidManifest.xml:20:9-22:45
224            android:name="com.google.android.gms.common.api.GoogleApiActivity"
224-->[com.google.android.gms:play-services-base:18.0.1] AndroidManifest.xml:20:19-85
225            android:exported="false"
225-->[com.google.android.gms:play-services-base:18.0.1] AndroidManifest.xml:22:19-43
226            android:theme="@android:style/Theme.Translucent.NoTitleBar" />
226-->[com.google.android.gms:play-services-base:18.0.1] AndroidManifest.xml:21:19-78
227
228        <meta-data
228-->[com.google.android.gms:play-services-basement:18.3.0] AndroidManifest.xml:21:9-23:69
229            android:name="com.google.android.gms.version"
229-->[com.google.android.gms:play-services-basement:18.3.0] AndroidManifest.xml:22:13-58
230            android:value="@integer/google_play_services_version" />
230-->[com.google.android.gms:play-services-basement:18.3.0] AndroidManifest.xml:23:13-66
231    </application>
232
233</manifest>